Microsoft (R) Build Engine version 15.9.21+g9802d43bc3 for .NET Framework
Copyright (C) Microsoft Corporation. All rights reserved.
Build started 11/10/2019 4:09:40 AM.
Project "C:\projects\ci-targets\tests\spec\csharp\kaitai_struct_csharp_tests\kaitai_struct_csharp_tests.csproj" on node 1 (default targets).
Project "C:\projects\ci-targets\tests\spec\csharp\kaitai_struct_csharp_tests\kaitai_struct_csharp_tests.csproj" (1) is building "C:\projects\ci-targets\runtime\csharp\kaitai_struct_runtime_csharp.csproj" (2:2) on node 1 (default targets).
GenerateTargetFrameworkMonikerAttribute:
Skipping target "GenerateTargetFrameworkMonikerAttribute" because all output files are up-to-date with respect to the input files.
CoreCompile:
Skipping target "CoreCompile" because all output files are up-to-date with respect to the input files.
CopyFilesToOutputDirectory:
  kaitai_struct_runtime_csharp -> C:\projects\ci-targets\runtime\csharp\bin\Release\Kaitai.Struct.Runtime.dll
Done Building Project "C:\projects\ci-targets\runtime\csharp\kaitai_struct_runtime_csharp.csproj" (default targets).
GenerateTargetFrameworkMonikerAttribute:
Skipping target "GenerateTargetFrameworkMonikerAttribute" because all output files are up-to-date with respect to the input files.
CoreCompile:
  C:\Program Files (x86)\Microsoft Visual Studio\2017\Community\MSBuild\15.0\Bin\Roslyn\csc.exe /noconfig /nowarn:1701,1702 /nostdlib+ /errorreport:prompt /warn:4 /define:DEBUG /highentropyva+ /reference:C:\projects\ci-targets\runtime\csharp\bin\Release\Kaitai.Struct.Runtime.dll /reference:"C:\Program Files (x86)\Reference Assemblies\Microsoft\Framework\.NETFramework\v4.5\mscorlib.dll" /reference:C:\projects\ci-targets\tests\spec\csharp\packages\NUnit.3.4.1\lib\net45\nunit.framework.dll /reference:"C:\Program Files (x86)\Reference Assemblies\Microsoft\Framework\.NETFramework\v4.5\System.Core.dll" /reference:"C:\Program Files (x86)\Reference Assemblies\Microsoft\Framework\.NETFramework\v4.5\System.dll" /debug+ /debug:full /optimize- /out:obj\Debug\kaitai_struct_csharp_tests.dll /ruleset:"C:\Program Files (x86)\Microsoft Visual Studio\2017\Community\Team Tools\Static Analysis Tools\\Rule Sets\MinimumRecommendedRules.ruleset" /subsystemversion:6.00 /target:library /utf8output CommonSpec.cs Properties\AssemblyInfo.cs C:\projects\ci-targets\tests\compiled\csharp\BcdUserTypeBe.cs C:\projects\ci-targets\tests\compiled\csharp\BcdUserTypeLe.cs C:\projects\ci-targets\tests\compiled\csharp\BitsByteAligned.cs C:\projects\ci-targets\tests\compiled\csharp\BitsEnum.cs C:\projects\ci-targets\tests\compiled\csharp\BitsSimple.cs C:\projects\ci-targets\tests\compiled\csharp\BufferedStruct.cs C:\projects\ci-targets\tests\compiled\csharp\BytesPadTerm.cs C:\projects\ci-targets\tests\compiled\csharp\CastNested.cs C:\projects\ci-targets\tests\compiled\csharp\CastToImported.cs C:\projects\ci-targets\tests\compiled\csharp\CastToTop.cs C:\projects\ci-targets\tests\compiled\csharp\Debug0.cs C:\projects\ci-targets\tests\compiled\csharp\DebugArrayUser.cs C:\projects\ci-targets\tests\compiled\csharp\DebugEnumName.cs C:\projects\ci-targets\tests\compiled\csharp\DefaultBigEndian.cs C:\projects\ci-targets\tests\compiled\csharp\DefaultEndianExprException.cs C:\projects\ci-targets\tests\compiled\csharp\DefaultEndianExprInherited.cs C:\projects\ci-targets\tests\compiled\csharp\DefaultEndianExprIsBe.cs C:\projects\ci-targets\tests\compiled\csharp\DefaultEndianExprIsLe.cs C:\projects\ci-targets\tests\compiled\csharp\DefaultEndianMod.cs C:\projects\ci-targets\tests\compiled\csharp\Docstrings.cs C:\projects\ci-targets\tests\compiled\csharp\DocstringsDocref.cs C:\projects\ci-targets\tests\compiled\csharp\DocstringsDocrefMulti.cs C:\projects\ci-targets\tests\compiled\csharp\Enum0.cs C:\projects\ci-targets\tests\compiled\csharp\Enum1.cs C:\projects\ci-targets\tests\compiled\csharp\EnumDeep.cs C:\projects\ci-targets\tests\compiled\csharp\EnumDeepLiterals.cs C:\projects\ci-targets\tests\compiled\csharp\EnumFancy.cs C:\projects\ci-targets\tests\compiled\csharp\EnumForUnknownId.cs C:\projects\ci-targets\tests\compiled\csharp\EnumIf.cs C:\projects\ci-targets\tests\compiled\csharp\EnumInvalid.cs C:\projects\ci-targets\tests\compiled\csharp\EnumNegative.cs C:\projects\ci-targets\tests\compiled\csharp\EnumOfValueInst.cs C:\projects\ci-targets\tests\compiled\csharp\EnumToI.cs C:\projects\ci-targets\tests\compiled\csharp\EnumToIClassBorder1.cs C:\projects\ci-targets\tests\compiled\csharp\EnumToIClassBorder2.cs C:\projects\ci-targets\tests\compiled\csharp\EofExceptionBytes.cs C:\projects\ci-targets\tests\compiled\csharp\EofExceptionU4.cs C:\projects\ci-targets\tests\compiled\csharp\EosExceptionBytes.cs C:\projects\ci-targets\tests\compiled\csharp\EosExceptionU4.cs C:\projects\ci-targets\tests\compiled\csharp\Expr0.cs C:\projects\ci-targets\tests\compiled\csharp\Expr1.cs C:\projects\ci-targets\tests\compiled\csharp\Expr2.cs C:\projects\ci-targets\tests\compiled\csharp\Expr3.cs C:\projects\ci-targets\tests\compiled\csharp\ExprArray.cs C:\projects\ci-targets\tests\compiled\csharp\ExprBytesCmp.cs C:\projects\ci-targets\tests\compiled\csharp\ExprBytesOps.cs C:\projects\ci-targets\tests\compiled\csharp\ExprEnum.cs C:\projects\ci-targets\tests\compiled\csharp\ExprIoEof.cs C:\projects\ci-targets\tests\compiled\csharp\ExprIoPos.cs C:\projects\ci-targets\tests\compiled\csharp\ExprMod.cs C:\projects\ci-targets\tests\compiled\csharp\ExprSizeofType0.cs C:\projects\ci-targets\tests\compiled\csharp\ExprSizeofType1.cs C:\projects\ci-targets\tests\compiled\csharp\ExprSizeofValue0.cs C:\projects\ci-targets\tests\compiled\csharp\ExprSizeofValueSized.cs C:\projects\ci-targets\tests\compiled\csharp\FixedContents.cs C:\projects\ci-targets\tests\compiled\csharp\FixedStruct.cs C:\projects\ci-targets\tests\compiled\csharp\FloatToI.cs C:\projects\ci-targets\tests\compiled\csharp\FloatingPoints.cs C:\projects\ci-targets\tests\compiled\csharp\HelloWorld.cs C:\projects\ci-targets\tests\compiled\csharp\IfInstances.cs C:\projects\ci-targets\tests\compiled\csharp\IfStruct.cs C:\projects\ci-targets\tests\compiled\csharp\IfValues.cs C:\projects\ci-targets\tests\compiled\csharp\Imported1.cs C:\projects\ci-targets\tests\compiled\csharp\Imported2.cs C:\projects\ci-targets\tests\compiled\csharp\ImportedAndAbs.cs C:\projects\ci-targets\tests\compiled\csharp\ImportedAndRel.cs C:\projects\ci-targets\tests\compiled\csharp\ImportedRoot.cs C:\projects\ci-targets\tests\compiled\csharp\Imports0.cs C:\projects\ci-targets\tests\compiled\csharp\ImportsAbs.cs C:\projects\ci-targets\tests\compiled\csharp\ImportsAbsAbs.cs C:\projects\ci-targets\tests\compiled\csharp\ImportsAbsRel.cs C:\projects\ci-targets\tests\compiled\csharp\ImportsCircularA.cs C:\projects\ci-targets\tests\compiled\csharp\ImportsCircularB.cs C:\projects\ci-targets\tests\compiled\csharp\ImportsRel1.cs C:\projects\ci-targets\tests\compiled\csharp\IndexSizes.cs C:\projects\ci-targets\tests\compiled\csharp\IndexToParamEos.cs C:\projects\ci-targets\tests\compiled\csharp\IndexToParamExpr.cs C:\projects\ci-targets\tests\compiled\csharp\IndexToParamUntil.cs C:\projects\ci-targets\tests\compiled\csharp\InstanceIoUser.cs C:\projects\ci-targets\tests\compiled\csharp\InstanceStd.cs C:\projects\ci-targets\tests\compiled\csharp\InstanceStdArray.cs C:\projects\ci-targets\tests\compiled\csharp\InstanceUserArray.cs C:\projects\ci-targets\tests\compiled\csharp\Integers.cs C:\projects\ci-targets\tests\compiled\csharp\IoLocalVar.cs C:\projects\ci-targets\tests\compiled\csharp\JsSignedRightShift.cs C:\projects\ci-targets\tests\compiled\csharp\MetaTags.cs C:\projects\ci-targets\tests\compiled\csharp\MetaXref.cs C:\projects\ci-targets\tests\compiled\csharp\MultipleUse.cs C:\projects\ci-targets\tests\compiled\csharp\NavParent.cs C:\projects\ci-targets\tests\compiled\csharp\NavParent2.cs C:\projects\ci-targets\tests\compiled\csharp\NavParent3.cs C:\projects\ci-targets\tests\compiled\csharp\NavParentFalse.cs C:\projects\ci-targets\tests\compiled\csharp\NavParentFalse2.cs C:\projects\ci-targets\tests\compiled\csharp\NavParentOverride.cs C:\projects\ci-targets\tests\compiled\csharp\NavParentSwitch.cs C:\projects\ci-targets\tests\compiled\csharp\NavParentVsValueInst.cs C:\projects\ci-targets\tests\compiled\csharp\NavRoot.cs C:\projects\ci-targets\tests\compiled\csharp\NestedSameName.cs C:\projects\ci-targets\tests\compiled\csharp\NestedSameName2.cs C:\projects\ci-targets\tests\compiled\csharp\NestedTypes.cs C:\projects\ci-targets\tests\compiled\csharp\NestedTypes2.cs C:\projects\ci-targets\tests\compiled\csharp\NestedTypes3.cs C:\projects\ci-targets\tests\compiled\csharp\NonStandard.cs C:\projects\ci-targets\tests\compiled\csharp\OpaqueExternalType.cs C:\projects\ci-targets\tests\compiled\csharp\OpaqueExternalType02Child.cs C:\projects\ci-targets\tests\compiled\csharp\OpaqueExternalType02Parent.cs C:\projects\ci-targets\tests\compiled\csharp\OpaqueWithParam.cs C:\projects\ci-targets\tests\compiled\csharp\OptionalId.cs C:\projects\ci-targets\tests\compiled\csharp\ParamsCallExtraParens.cs C:\projects\ci-targets\tests\compiled\csharp\ParamsCallShort.cs C:\projects\ci-targets\tests\compiled\csharp\ParamsDef.cs C:\projects\ci-targets\tests\compiled\csharp\ParamsEnum.cs C:\projects\ci-targets\tests\compiled\csharp\ParamsPassStruct.cs C:\projects\ci-targets\tests\compiled\csharp\ParamsPassUsertype.cs C:\projects\ci-targets\tests\compiled\csharp\PositionAbs.cs C:\projects\ci-targets\tests\compiled\csharp\PositionInSeq.cs C:\projects\ci-targets\tests\compiled\csharp\PositionToEnd.cs C:\projects\ci-targets\tests\compiled\csharp\ProcessCoerceBytes.cs C:\projects\ci-targets\tests\compiled\csharp\ProcessCoerceSwitch.cs C:\projects\ci-targets\tests\compiled\csharp\ProcessCoerceUsertype1.cs C:\projects\ci-targets\tests\compiled\csharp\ProcessCoerceUsertype2.cs C:\projects\ci-targets\tests\compiled\csharp\ProcessCustom.cs C:\projects\ci-targets\tests\compiled\csharp\ProcessRotate.cs C:\projects\ci-targets\tests\compiled\csharp\ProcessToUser.cs C:\projects\ci-targets\tests\compiled\csharp\ProcessXor4Const.cs C:\projects\ci-targets\tests\compiled\csharp\ProcessXor4Value.cs C:\projects\ci-targets\tests\compiled\csharp\ProcessXorConst.cs C:\projects\ci-targets\tests\compiled\csharp\ProcessXorValue.cs C:\projects\ci-targets\tests\compiled\csharp\RecursiveOne.cs C:\projects\ci-targets\tests\compiled\csharp\RepeatEosBit.cs C:\projects\ci-targets\tests\compiled\csharp\RepeatEosStruct.cs C:\projects\ci-targets\tests\compiled\csharp\RepeatEosU4.cs C:\projects\ci-targets\tests\compiled\csharp\RepeatNStruct.cs C:\projects\ci-targets\tests\compiled\csharp\RepeatNStrz.cs C:\projects\ci-targets\tests\compiled\csharp\RepeatNStrzDouble.cs C:\projects\ci-targets\tests\compiled\csharp\RepeatUntilCalcArrayType.cs C:\projects\ci-targets\tests\compiled\csharp\RepeatUntilComplex.cs C:\projects\ci-targets\tests\compiled\csharp\RepeatUntilS4.cs C:\projects\ci-targets\tests\compiled\csharp\RepeatUntilSized.cs C:\projects\ci-targets\tests\compiled\csharp\StrEncodings.cs C:\projects\ci-targets\tests\compiled\csharp\StrEncodingsDefault.cs C:\projects\ci-targets\tests\compiled\csharp\StrEos.cs C:\projects\ci-targets\tests\compiled\csharp\StrLiterals.cs C:\projects\ci-targets\tests\compiled\csharp\StrLiterals2.cs C:\projects\ci-targets\tests\compiled\csharp\StrPadTerm.cs C:\projects\ci-targets\tests\compiled\csharp\StrPadTermEmpty.cs C:\projects\ci-targets\tests\compiled\csharp\SwitchBytearray.cs C:\projects\ci-targets\tests\compiled\csharp\SwitchCast.cs C:\projects\ci-targets\tests\compiled\csharp\SwitchIntegers.cs C:\projects\ci-targets\tests\compiled\csharp\SwitchIntegers2.cs C:\projects\ci-targets\tests\compiled\csharp\SwitchManualEnum.cs C:\projects\ci-targets\tests\compiled\csharp\SwitchManualEnumInvalid.cs C:\projects\ci-targets\tests\compiled\csharp\SwitchManualEnumInvalidElse.cs C:\projects\ci-targets\tests\compiled\csharp\SwitchManualInt.cs C:\projects\ci-targets\tests\compiled\csharp\SwitchManualIntElse.cs C:\projects\ci-targets\tests\compiled\csharp\SwitchManualIntSize.cs C:\projects\ci-targets\tests\compiled\csharp\SwitchManualIntSizeElse.cs C:\projects\ci-targets\tests\compiled\csharp\SwitchManualIntSizeEos.cs C:\projects\ci-targets\tests\compiled\csharp\SwitchManualStr.cs C:\projects\ci-targets\tests\compiled\csharp\SwitchManualStrElse.cs C:\projects\ci-targets\tests\compiled\csharp\SwitchMultiBoolOps.cs C:\projects\ci-targets\tests\compiled\csharp\SwitchRepeatExpr.cs C:\projects\ci-targets\tests\compiled\csharp\TermBytes.cs C:\projects\ci-targets\tests\compiled\csharp\TermStrz.cs C:\projects\ci-targets\tests\compiled\csharp\TsPacketHeader.cs C:\projects\ci-targets\tests\compiled\csharp\TypeIntUnaryOp.cs C:\projects\ci-targets\tests\compiled\csharp\TypeTernary.cs C:\projects\ci-targets\tests\compiled\csharp\TypeTernaryOpaque.cs C:\projects\ci-targets\tests\compiled\csharp\UserType.cs C:\projects\ci-targets\tests\compiled\csharp\ValidFailContents.cs C:\projects\ci-targets\tests\compiled\csharp\ValidFailEqBytes.cs C:\projects\ci-targets\tests\compiled\csharp\ValidFailEqInt.cs C:\projects\ci-targets\tests\compiled\csharp\ValidFailInst.cs C:\projects\ci-targets\tests\compiled\csharp\ValidNotParsedIf.cs C:\projects\ci-targets\tests\compiled\csharp\ValidShort.cs C:\projects\ci-targets\tests\compiled\csharp\ValidSwitch.cs C:\projects\ci-targets\tests\compiled\csharp\VlqBase128Le.cs C:\projects\ci-targets\tests\compiled\csharp\YamlInts.cs C:\projects\ci-targets\tests\compiled\csharp\ZlibWithHeader78.cs C:\projects\ci-targets\tests\spec\csharp\kaitai_struct_csharp_tests\tests\SpecBcdUserTypeBe.cs C:\projects\ci-targets\tests\spec\csharp\kaitai_struct_csharp_tests\tests\SpecBcdUserTypeLe.cs C:\projects\ci-targets\tests\spec\csharp\kaitai_struct_csharp_tests\tests\SpecBitsByteAligned.cs C:\projects\ci-targets\tests\spec\csharp\kaitai_struct_csharp_tests\tests\SpecBitsEnum.cs C:\projects\ci-targets\tests\spec\csharp\kaitai_struct_csharp_tests\tests\SpecBitsSimple.cs C:\projects\ci-targets\tests\spec\csharp\kaitai_struct_csharp_tests\tests\SpecBufferedStruct.cs C:\projects\ci-targets\tests\spec\csharp\kaitai_struct_csharp_tests\tests\SpecBytesPadTerm.cs C:\projects\ci-targets\tests\spec\csharp\kaitai_struct_csharp_tests\tests\SpecCastNested.cs C:\projects\ci-targets\tests\spec\csharp\kaitai_struct_csharp_tests\tests\SpecCastToImported.cs C:\projects\ci-targets\tests\spec\csharp\kaitai_struct_csharp_tests\tests\SpecCastToTop.cs C:\projects\ci-targets\tests\spec\csharp\kaitai_struct_csharp_tests\tests\SpecDebug0.cs C:\projects\ci-targets\tests\spec\csharp\kaitai_struct_csharp_tests\tests\SpecDebugArrayUser.cs C:\projects\ci-targets\tests\spec\csharp\kaitai_struct_csharp_tests\tests\SpecDebugEnumName.cs C:\projects\ci-targets\tests\spec\csharp\kaitai_struct_csharp_tests\tests\SpecDefaultBigEndian.cs C:\projects\ci-targets\tests\spec\csharp\kaitai_struct_csharp_tests\tests\SpecDefaultEndianExprException.cs C:\projects\ci-targets\tests\spec\csharp\kaitai_struct_csharp_tests\tests\SpecDefaultEndianExprInherited.cs C:\projects\ci-targets\tests\spec\csharp\kaitai_struct_csharp_tests\tests\SpecDefaultEndianExprIsBe.cs C:\projects\ci-targets\tests\spec\csharp\kaitai_struct_csharp_tests\tests\SpecDefaultEndianExprIsLe.cs C:\projects\ci-targets\tests\spec\csharp\kaitai_struct_csharp_tests\tests\SpecDefaultEndianMod.cs C:\projects\ci-targets\tests\spec\csharp\kaitai_struct_csharp_tests\tests\SpecDocstrings.cs C:\projects\ci-targets\tests\spec\csharp\kaitai_struct_csharp_tests\tests\SpecDocstringsDocref.cs C:\projects\ci-targets\tests\spec\csharp\kaitai_struct_csharp_tests\tests\SpecDocstringsDocrefMulti.cs C:\projects\ci-targets\tests\spec\csharp\kaitai_struct_csharp_tests\tests\SpecEnum0.cs C:\projects\ci-targets\tests\spec\csharp\kaitai_struct_csharp_tests\tests\SpecEnum1.cs C:\projects\ci-targets\tests\spec\csharp\kaitai_struct_csharp_tests\tests\SpecEnumDeep.cs C:\projects\ci-targets\tests\spec\csharp\kaitai_struct_csharp_tests\tests\SpecEnumDeepLiterals.cs C:\projects\ci-targets\tests\spec\csharp\kaitai_struct_csharp_tests\tests\SpecEnumFancy.cs C:\projects\ci-targets\tests\spec\csharp\kaitai_struct_csharp_tests\tests\SpecEnumForUnknownId.cs C:\projects\ci-targets\tests\spec\csharp\kaitai_struct_csharp_tests\tests\SpecEnumIf.cs C:\projects\ci-targets\tests\spec\csharp\kaitai_struct_csharp_tests\tests\SpecEnumNegative.cs C:\projects\ci-targets\tests\spec\csharp\kaitai_struct_csharp_tests\tests\SpecEnumOfValueInst.cs C:\projects\ci-targets\tests\spec\csharp\kaitai_struct_csharp_tests\tests\SpecEnumToI.cs C:\projects\ci-targets\tests\spec\csharp\kaitai_struct_csharp_tests\tests\SpecEofExceptionBytes.cs C:\projects\ci-targets\tests\spec\csharp\kaitai_struct_csharp_tests\tests\SpecEofExceptionU4.cs C:\projects\ci-targets\tests\spec\csharp\kaitai_struct_csharp_tests\tests\SpecEosExceptionBytes.cs C:\projects\ci-targets\tests\spec\csharp\kaitai_struct_csharp_tests\tests\SpecEosExceptionU4.cs C:\projects\ci-targets\tests\spec\csharp\kaitai_struct_csharp_tests\tests\SpecExpr0.cs C:\projects\ci-targets\tests\spec\csharp\kaitai_struct_csharp_tests\tests\SpecExpr1.cs C:\projects\ci-targets\tests\spec\csharp\kaitai_struct_csharp_tests\tests\SpecExpr2.cs C:\projects\ci-targets\tests\spec\csharp\kaitai_struct_csharp_tests\tests\SpecExpr3.cs C:\projects\ci-targets\tests\spec\csharp\kaitai_struct_csharp_tests\tests\SpecExprArray.cs C:\projects\ci-targets\tests\spec\csharp\kaitai_struct_csharp_tests\tests\SpecExprBytesCmp.cs C:\projects\ci-targets\tests\spec\csharp\kaitai_struct_csharp_tests\tests\SpecExprBytesOps.cs C:\projects\ci-targets\tests\spec\csharp\kaitai_struct_csharp_tests\tests\SpecExprCalcArrayOps.cs C:\projects\ci-targets\tests\spec\csharp\kaitai_struct_csharp_tests\tests\SpecExprEnum.cs C:\projects\ci-targets\tests\spec\csharp\kaitai_struct_csharp_tests\tests\SpecExprIoEof.cs C:\projects\ci-targets\tests\spec\csharp\kaitai_struct_csharp_tests\tests\SpecExprIoPos.cs C:\projects\ci-targets\tests\spec\csharp\kaitai_struct_csharp_tests\tests\SpecExprMod.cs C:\projects\ci-targets\tests\spec\csharp\kaitai_struct_csharp_tests\tests\SpecExprSizeofType0.cs C:\projects\ci-targets\tests\spec\csharp\kaitai_struct_csharp_tests\tests\SpecExprSizeofType1.cs C:\projects\ci-targets\tests\spec\csharp\kaitai_struct_csharp_tests\tests\SpecExprSizeofValue0.cs C:\projects\ci-targets\tests\spec\csharp\kaitai_struct_csharp_tests\tests\SpecExprSizeofValueSized.cs C:\projects\ci-targets\tests\spec\csharp\kaitai_struct_csharp_tests\tests\SpecFixedContents.cs C:\projects\ci-targets\tests\spec\csharp\kaitai_struct_csharp_tests\tests\SpecFixedStruct.cs C:\projects\ci-targets\tests\spec\csharp\kaitai_struct_csharp_tests\tests\SpecFloatToI.cs C:\projects\ci-targets\tests\spec\csharp\kaitai_struct_csharp_tests\tests\SpecFloatingPoints.cs C:\projects\ci-targets\tests\spec\csharp\kaitai_struct_csharp_tests\tests\SpecHelloWorld.cs C:\projects\ci-targets\tests\spec\csharp\kaitai_struct_csharp_tests\tests\SpecIfInstances.cs C:\projects\ci-targets\tests\spec\csharp\kaitai_struct_csharp_tests\tests\SpecIfStruct.cs C:\projects\ci-targets\tests\spec\csharp\kaitai_struct_csharp_tests\tests\SpecIfValues.cs C:\projects\ci-targets\tests\spec\csharp\kaitai_struct_csharp_tests\tests\SpecImports0.cs C:\projects\ci-targets\tests\spec\csharp\kaitai_struct_csharp_tests\tests\SpecImportsAbs.cs C:\projects\ci-targets\tests\spec\csharp\kaitai_struct_csharp_tests\tests\SpecImportsCircularA.cs C:\projects\ci-targets\tests\spec\csharp\kaitai_struct_csharp_tests\tests\SpecIndexSizes.cs C:\projects\ci-targets\tests\spec\csharp\kaitai_struct_csharp_tests\tests\SpecIndexToParamEos.cs C:\projects\ci-targets\tests\spec\csharp\kaitai_struct_csharp_tests\tests\SpecIndexToParamExpr.cs C:\projects\ci-targets\tests\spec\csharp\kaitai_struct_csharp_tests\tests\SpecIndexToParamUntil.cs C:\projects\ci-targets\tests\spec\csharp\kaitai_struct_csharp_tests\tests\SpecInstanceIoUser.cs C:\projects\ci-targets\tests\spec\csharp\kaitai_struct_csharp_tests\tests\SpecInstanceStd.cs C:\projects\ci-targets\tests\spec\csharp\kaitai_struct_csharp_tests\tests\SpecInstanceStdArray.cs C:\projects\ci-targets\tests\spec\csharp\kaitai_struct_csharp_tests\tests\SpecInstanceUserArray.cs C:\projects\ci-targets\tests\spec\csharp\kaitai_struct_csharp_tests\tests\SpecIntegers.cs C:\projects\ci-targets\tests\spec\csharp\kaitai_struct_csharp_tests\tests\SpecIoLocalVar.cs C:\projects\ci-targets\tests\spec\csharp\kaitai_struct_csharp_tests\tests\SpecJsSignedRightShift.cs C:\projects\ci-targets\tests\spec\csharp\kaitai_struct_csharp_tests\tests\SpecMetaTags.cs C:\projects\ci-targets\tests\spec\csharp\kaitai_struct_csharp_tests\tests\SpecMetaXref.cs C:\projects\ci-targets\tests\spec\csharp\kaitai_struct_csharp_tests\tests\SpecMultipleUse.cs C:\projects\ci-targets\tests\spec\csharp\kaitai_struct_csharp_tests\tests\SpecNavParent.cs C:\projects\ci-targets\tests\spec\csharp\kaitai_struct_csharp_tests\tests\SpecNavParent2.cs C:\projects\ci-targets\tests\spec\csharp\kaitai_struct_csharp_tests\tests\SpecNavParent3.cs C:\projects\ci-targets\tests\spec\csharp\kaitai_struct_csharp_tests\tests\SpecNavParentFalse.cs C:\projects\ci-targets\tests\spec\csharp\kaitai_struct_csharp_tests\tests\SpecNavParentFalse2.cs C:\projects\ci-targets\tests\spec\csharp\kaitai_struct_csharp_tests\tests\SpecNavParentOverride.cs C:\projects\ci-targets\tests\spec\csharp\kaitai_struct_csharp_tests\tests\SpecNavParentSwitch.cs C:\projects\ci-targets\tests\spec\csharp\kaitai_struct_csharp_tests\tests\SpecNavParentVsValueInst.cs C:\projects\ci-targets\tests\spec\csharp\kaitai_struct_csharp_tests\tests\SpecNavRoot.cs C:\projects\ci-targets\tests\spec\csharp\kaitai_struct_csharp_tests\tests\SpecNestedSameName.cs C:\projects\ci-targets\tests\spec\csharp\kaitai_struct_csharp_tests\tests\SpecNestedSameName2.cs C:\projects\ci-targets\tests\spec\csharp\kaitai_struct_csharp_tests\tests\SpecNestedTypes.cs C:\projects\ci-targets\tests\spec\csharp\kaitai_struct_csharp_tests\tests\SpecNestedTypes2.cs C:\projects\ci-targets\tests\spec\csharp\kaitai_struct_csharp_tests\tests\SpecNestedTypes3.cs C:\projects\ci-targets\tests\spec\csharp\kaitai_struct_csharp_tests\tests\SpecNonStandard.cs C:\projects\ci-targets\tests\spec\csharp\kaitai_struct_csharp_tests\tests\SpecOpaqueExternalType.cs C:\projects\ci-targets\tests\spec\csharp\kaitai_struct_csharp_tests\tests\SpecOpaqueExternalType02Parent.cs C:\projects\ci-targets\tests\spec\csharp\kaitai_struct_csharp_tests\tests\SpecOpaqueWithParam.cs C:\projects\ci-targets\tests\spec\csharp\kaitai_struct_csharp_tests\tests\SpecOptionalId.cs C:\projects\ci-targets\tests\spec\csharp\kaitai_struct_csharp_tests\tests\SpecParamsCallExtraParens.cs C:\projects\ci-targets\tests\spec\csharp\kaitai_struct_csharp_tests\tests\SpecParamsCallShort.cs C:\projects\ci-targets\tests\spec\csharp\kaitai_struct_csharp_tests\tests\SpecParamsDef.cs C:\projects\ci-targets\tests\spec\csharp\kaitai_struct_csharp_tests\tests\SpecParamsEnum.cs C:\projects\ci-targets\tests\spec\csharp\kaitai_struct_csharp_tests\tests\SpecParamsPassUsertype.cs C:\projects\ci-targets\tests\spec\csharp\kaitai_struct_csharp_tests\tests\SpecPositionAbs.cs C:\projects\ci-targets\tests\spec\csharp\kaitai_struct_csharp_tests\tests\SpecPositionInSeq.cs C:\projects\ci-targets\tests\spec\csharp\kaitai_struct_csharp_tests\tests\SpecPositionToEnd.cs C:\projects\ci-targets\tests\spec\csharp\kaitai_struct_csharp_tests\tests\SpecProcessCoerceBytes.cs C:\projects\ci-targets\tests\spec\csharp\kaitai_struct_csharp_tests\tests\SpecProcessCoerceSwitch.cs C:\projects\ci-targets\tests\spec\csharp\kaitai_struct_csharp_tests\tests\SpecProcessCoerceUsertype1.cs C:\projects\ci-targets\tests\spec\csharp\kaitai_struct_csharp_tests\tests\SpecProcessCoerceUsertype2.cs C:\projects\ci-targets\tests\spec\csharp\kaitai_struct_csharp_tests\tests\SpecProcessCustom.cs C:\projects\ci-targets\tests\spec\csharp\kaitai_struct_csharp_tests\tests\SpecProcessRotate.cs C:\projects\ci-targets\tests\spec\csharp\kaitai_struct_csharp_tests\tests\SpecProcessToUser.cs C:\projects\ci-targets\tests\spec\csharp\kaitai_struct_csharp_tests\tests\SpecProcessXor4Const.cs C:\projects\ci-targets\tests\spec\csharp\kaitai_struct_csharp_tests\tests\SpecProcessXor4Value.cs C:\projects\ci-targets\tests\spec\csharp\kaitai_struct_csharp_tests\tests\SpecProcessXorConst.cs C:\projects\ci-targets\tests\spec\csharp\kaitai_struct_csharp_tests\tests\SpecProcessXorValue.cs C:\projects\ci-targets\tests\spec\csharp\kaitai_struct_csharp_tests\tests\SpecRecursiveOne.cs C:\projects\ci-targets\tests\spec\csharp\kaitai_struct_csharp_tests\tests\SpecRepeatEosBit.cs C:\projects\ci-targets\tests\spec\csharp\kaitai_struct_csharp_tests\tests\SpecRepeatEosStruct.cs C:\projects\ci-targets\tests\spec\csharp\kaitai_struct_csharp_tests\tests\SpecRepeatEosU4.cs C:\projects\ci-targets\tests\spec\csharp\kaitai_struct_csharp_tests\tests\SpecRepeatNStruct.cs C:\projects\ci-targets\tests\spec\csharp\kaitai_struct_csharp_tests\tests\SpecRepeatNStrz.cs C:\projects\ci-targets\tests\spec\csharp\kaitai_struct_csharp_tests\tests\SpecRepeatNStrzDouble.cs C:\projects\ci-targets\tests\spec\csharp\kaitai_struct_csharp_tests\tests\SpecRepeatUntilComplex.cs C:\projects\ci-targets\tests\spec\csharp\kaitai_struct_csharp_tests\tests\SpecRepeatUntilS4.cs C:\projects\ci-targets\tests\spec\csharp\kaitai_struct_csharp_tests\tests\SpecRepeatUntilSized.cs C:\projects\ci-targets\tests\spec\csharp\kaitai_struct_csharp_tests\tests\SpecStrEncodings.cs C:\projects\ci-targets\tests\spec\csharp\kaitai_struct_csharp_tests\tests\SpecStrEncodingsDefault.cs C:\projects\ci-targets\tests\spec\csharp\kaitai_struct_csharp_tests\tests\SpecStrEos.cs C:\projects\ci-targets\tests\spec\csharp\kaitai_struct_csharp_tests\tests\SpecStrLiterals.cs C:\projects\ci-targets\tests\spec\csharp\kaitai_struct_csharp_tests\tests\SpecStrLiterals2.cs C:\projects\ci-targets\tests\spec\csharp\kaitai_struct_csharp_tests\tests\SpecStrPadTerm.cs C:\projects\ci-targets\tests\spec\csharp\kaitai_struct_csharp_tests\tests\SpecStrPadTermEmpty.cs C:\projects\ci-targets\tests\spec\csharp\kaitai_struct_csharp_tests\tests\SpecSwitchBytearray.cs C:\projects\ci-targets\tests\spec\csharp\kaitai_struct_csharp_tests\tests\SpecSwitchCast.cs C:\projects\ci-targets\tests\spec\csharp\kaitai_struct_csharp_tests\tests\SpecSwitchIntegers.cs C:\projects\ci-targets\tests\spec\csharp\kaitai_struct_csharp_tests\tests\SpecSwitchIntegers2.cs C:\projects\ci-targets\tests\spec\csharp\kaitai_struct_csharp_tests\tests\SpecSwitchManualEnum.cs C:\projects\ci-targets\tests\spec\csharp\kaitai_struct_csharp_tests\tests\SpecSwitchManualInt.cs C:\projects\ci-targets\tests\spec\csharp\kaitai_struct_csharp_tests\tests\SpecSwitchManualIntElse.cs C:\projects\ci-targets\tests\spec\csharp\kaitai_struct_csharp_tests\tests\SpecSwitchManualIntSize.cs C:\projects\ci-targets\tests\spec\csharp\kaitai_struct_csharp_tests\tests\SpecSwitchManualIntSizeElse.cs C:\projects\ci-targets\tests\spec\csharp\kaitai_struct_csharp_tests\tests\SpecSwitchManualIntSizeEos.cs C:\projects\ci-targets\tests\spec\csharp\kaitai_struct_csharp_tests\tests\SpecSwitchManualStr.cs C:\projects\ci-targets\tests\spec\csharp\kaitai_struct_csharp_tests\tests\SpecSwitchManualStrElse.cs C:\projects\ci-targets\tests\spec\csharp\kaitai_struct_csharp_tests\tests\SpecSwitchMultiBoolOps.cs C:\projects\ci-targets\tests\spec\csharp\kaitai_struct_csharp_tests\tests\SpecSwitchRepeatExpr.cs C:\projects\ci-targets\tests\spec\csharp\kaitai_struct_csharp_tests\tests\SpecTermBytes.cs C:\projects\ci-targets\tests\spec\csharp\kaitai_struct_csharp_tests\tests\SpecTermStrz.cs C:\projects\ci-targets\tests\spec\csharp\kaitai_struct_csharp_tests\tests\SpecTsPacketHeader.cs C:\projects\ci-targets\tests\spec\csharp\kaitai_struct_csharp_tests\tests\SpecTypeIntUnaryOp.cs C:\projects\ci-targets\tests\spec\csharp\kaitai_struct_csharp_tests\tests\SpecTypeTernary.cs C:\projects\ci-targets\tests\spec\csharp\kaitai_struct_csharp_tests\tests\SpecTypeTernaryOpaque.cs C:\projects\ci-targets\tests\spec\csharp\kaitai_struct_csharp_tests\tests\SpecUserType.cs C:\projects\ci-targets\tests\spec\csharp\kaitai_struct_csharp_tests\tests\SpecValidFailEqBytes.cs C:\projects\ci-targets\tests\spec\csharp\kaitai_struct_csharp_tests\tests\SpecValidFailEqInt.cs C:\projects\ci-targets\tests\spec\csharp\kaitai_struct_csharp_tests\tests\SpecValidNotParsedIf.cs C:\projects\ci-targets\tests\spec\csharp\kaitai_struct_csharp_tests\tests\SpecValidShort.cs C:\projects\ci-targets\tests\spec\csharp\kaitai_struct_csharp_tests\tests\SpecValidSwitch.cs C:\projects\ci-targets\tests\spec\csharp\kaitai_struct_csharp_tests\tests\SpecZlibWithHeader78.cs "C:\Users\appveyor\AppData\Local\Temp\.NETFramework,Version=v4.5.AssemblyAttributes.cs"
  Using shared compilation with compiler from directory: C:\Program Files (x86)\Microsoft Visual Studio\2017\Community\MSBuild\15.0\Bin\Roslyn
tests\SpecExprCalcArrayOps.cs(13,21): error CS0103: The name 'ExprCalcArrayOps' does not exist in the current context [C:\projects\ci-targets\tests\spec\csharp\kaitai_struct_csharp_tests\kaitai_struct_csharp_tests.csproj]
tests\SpecEosExceptionU4.cs(13,27): error CS0246: The type or namespace name 'EndOfStreamException' could not be found (are you missing a using directive or an assembly reference?) [C:\projects\ci-targets\tests\spec\csharp\kaitai_struct_csharp_tests\kaitai_struct_csharp_tests.csproj]
tests\SpecEosExceptionBytes.cs(13,27): error CS0246: The type or namespace name 'EndOfStreamException' could not be found (are you missing a using directive or an assembly reference?) [C:\projects\ci-targets\tests\spec\csharp\kaitai_struct_csharp_tests\kaitai_struct_csharp_tests.csproj]
tests\SpecEofExceptionU4.cs(13,27): error CS0246: The type or namespace name 'EndOfStreamException' could not be found (are you missing a using directive or an assembly reference?) [C:\projects\ci-targets\tests\spec\csharp\kaitai_struct_csharp_tests\kaitai_struct_csharp_tests.csproj]
tests\SpecEofExceptionBytes.cs(13,27): error CS0246: The type or namespace name 'EndOfStreamException' could not be found (are you missing a using directive or an assembly reference?) [C:\projects\ci-targets\tests\spec\csharp\kaitai_struct_csharp_tests\kaitai_struct_csharp_tests.csproj]
C:\projects\ci-targets\tests\compiled\csharp\EnumToIClassBorder2.cs(28,34): error CS0019: Operator '==' cannot be applied to operands of type 'EnumToIClassBorder1.Animal' and 'int' [C:\projects\ci-targets\tests\spec\csharp\kaitai_struct_csharp_tests\kaitai_struct_csharp_tests.csproj]
C:\projects\ci-targets\tests\compiled\csharp\YamlInts.cs(35,30): error CS0221: Constant value '4294967295' cannot be converted to a 'int' (use 'unchecked' syntax to override) [C:\projects\ci-targets\tests\spec\csharp\kaitai_struct_csharp_tests\kaitai_struct_csharp_tests.csproj]
C:\projects\ci-targets\tests\compiled\csharp\YamlInts.cs(48,30): error CS0221: Constant value '4294967295' cannot be converted to a 'int' (use 'unchecked' syntax to override) [C:\projects\ci-targets\tests\spec\csharp\kaitai_struct_csharp_tests\kaitai_struct_csharp_tests.csproj]
C:\projects\ci-targets\tests\compiled\csharp\YamlInts.cs(61,30): error CS0221: Constant value '18446744073709551615' cannot be converted to a 'int' (use 'unchecked' syntax to override) [C:\projects\ci-targets\tests\spec\csharp\kaitai_struct_csharp_tests\kaitai_struct_csharp_tests.csproj]
C:\projects\ci-targets\tests\compiled\csharp\YamlInts.cs(74,30): error CS0221: Constant value '18446744073709551615' cannot be converted to a 'int' (use 'unchecked' syntax to override) [C:\projects\ci-targets\tests\spec\csharp\kaitai_struct_csharp_tests\kaitai_struct_csharp_tests.csproj]
C:\projects\ci-targets\tests\compiled\csharp\ValidNotParsedIf.cs(23,17): warning CS0162: Unreachable code detected [C:\projects\ci-targets\tests\spec\csharp\kaitai_struct_csharp_tests\kaitai_struct_csharp_tests.csproj]
C:\projects\ci-targets\tests\compiled\csharp\ExprBytesOps.cs(45,40): error CS0019: Operator '-' cannot be applied to operands of type 'method group' and 'int' [C:\projects\ci-targets\tests\spec\csharp\kaitai_struct_csharp_tests\kaitai_struct_csharp_tests.csproj]
C:\projects\ci-targets\tests\compiled\csharp\ExprBytesOps.cs(149,28): error CS0030: Cannot convert type 'method' to 'int' [C:\projects\ci-targets\tests\spec\csharp\kaitai_struct_csharp_tests\kaitai_struct_csharp_tests.csproj]
C:\projects\ci-targets\tests\compiled\csharp\ExprBytesOps.cs(162,40): error CS0019: Operator '-' cannot be applied to operands of type 'method group' and 'int' [C:\projects\ci-targets\tests\spec\csharp\kaitai_struct_csharp_tests\kaitai_struct_csharp_tests.csproj]
C:\projects\ci-targets\tests\compiled\csharp\ExprBytesOps.cs(175,28): error CS0030: Cannot convert type 'method' to 'int' [C:\projects\ci-targets\tests\spec\csharp\kaitai_struct_csharp_tests\kaitai_struct_csharp_tests.csproj]
C:\projects\ci-targets\tests\compiled\csharp\IfInstances.cs(33,21): warning CS0162: Unreachable code detected [C:\projects\ci-targets\tests\spec\csharp\kaitai_struct_csharp_tests\kaitai_struct_csharp_tests.csproj]
C:\projects\ci-targets\tests\compiled\csharp\IoLocalVar.cs(63,21): warning CS0162: Unreachable code detected [C:\projects\ci-targets\tests\spec\csharp\kaitai_struct_csharp_tests\kaitai_struct_csharp_tests.csproj]
C:\projects\ci-targets\tests\compiled\csharp\IoLocalVar.cs(75,21): warning CS0162: Unreachable code detected [C:\projects\ci-targets\tests\spec\csharp\kaitai_struct_csharp_tests\kaitai_struct_csharp_tests.csproj]
Done Building Project "C:\projects\ci-targets\tests\spec\csharp\kaitai_struct_csharp_tests\kaitai_struct_csharp_tests.csproj" (default targets) -- FAILED.
Build FAILED.
"C:\projects\ci-targets\tests\spec\csharp\kaitai_struct_csharp_tests\kaitai_struct_csharp_tests.csproj" (default target) (1) ->
(CoreCompile target) -> 
  C:\projects\ci-targets\tests\compiled\csharp\ValidNotParsedIf.cs(23,17): warning CS0162: Unreachable code detected [C:\projects\ci-targets\tests\spec\csharp\kaitai_struct_csharp_tests\kaitai_struct_csharp_tests.csproj]
  C:\projects\ci-targets\tests\compiled\csharp\IfInstances.cs(33,21): warning CS0162: Unreachable code detected [C:\projects\ci-targets\tests\spec\csharp\kaitai_struct_csharp_tests\kaitai_struct_csharp_tests.csproj]
  C:\projects\ci-targets\tests\compiled\csharp\IoLocalVar.cs(63,21): warning CS0162: Unreachable code detected [C:\projects\ci-targets\tests\spec\csharp\kaitai_struct_csharp_tests\kaitai_struct_csharp_tests.csproj]
  C:\projects\ci-targets\tests\compiled\csharp\IoLocalVar.cs(75,21): warning CS0162: Unreachable code detected [C:\projects\ci-targets\tests\spec\csharp\kaitai_struct_csharp_tests\kaitai_struct_csharp_tests.csproj]
"C:\projects\ci-targets\tests\spec\csharp\kaitai_struct_csharp_tests\kaitai_struct_csharp_tests.csproj" (default target) (1) ->
(CoreCompile target) -> 
  tests\SpecExprCalcArrayOps.cs(13,21): error CS0103: The name 'ExprCalcArrayOps' does not exist in the current context [C:\projects\ci-targets\tests\spec\csharp\kaitai_struct_csharp_tests\kaitai_struct_csharp_tests.csproj]
  tests\SpecEosExceptionU4.cs(13,27): error CS0246: The type or namespace name 'EndOfStreamException' could not be found (are you missing a using directive or an assembly reference?) [C:\projects\ci-targets\tests\spec\csharp\kaitai_struct_csharp_tests\kaitai_struct_csharp_tests.csproj]
  tests\SpecEosExceptionBytes.cs(13,27): error CS0246: The type or namespace name 'EndOfStreamException' could not be found (are you missing a using directive or an assembly reference?) [C:\projects\ci-targets\tests\spec\csharp\kaitai_struct_csharp_tests\kaitai_struct_csharp_tests.csproj]
  tests\SpecEofExceptionU4.cs(13,27): error CS0246: The type or namespace name 'EndOfStreamException' could not be found (are you missing a using directive or an assembly reference?) [C:\projects\ci-targets\tests\spec\csharp\kaitai_struct_csharp_tests\kaitai_struct_csharp_tests.csproj]
  tests\SpecEofExceptionBytes.cs(13,27): error CS0246: The type or namespace name 'EndOfStreamException' could not be found (are you missing a using directive or an assembly reference?) [C:\projects\ci-targets\tests\spec\csharp\kaitai_struct_csharp_tests\kaitai_struct_csharp_tests.csproj]
  C:\projects\ci-targets\tests\compiled\csharp\EnumToIClassBorder2.cs(28,34): error CS0019: Operator '==' cannot be applied to operands of type 'EnumToIClassBorder1.Animal' and 'int' [C:\projects\ci-targets\tests\spec\csharp\kaitai_struct_csharp_tests\kaitai_struct_csharp_tests.csproj]
  C:\projects\ci-targets\tests\compiled\csharp\YamlInts.cs(35,30): error CS0221: Constant value '4294967295' cannot be converted to a 'int' (use 'unchecked' syntax to override) [C:\projects\ci-targets\tests\spec\csharp\kaitai_struct_csharp_tests\kaitai_struct_csharp_tests.csproj]
  C:\projects\ci-targets\tests\compiled\csharp\YamlInts.cs(48,30): error CS0221: Constant value '4294967295' cannot be converted to a 'int' (use 'unchecked' syntax to override) [C:\projects\ci-targets\tests\spec\csharp\kaitai_struct_csharp_tests\kaitai_struct_csharp_tests.csproj]
  C:\projects\ci-targets\tests\compiled\csharp\YamlInts.cs(61,30): error CS0221: Constant value '18446744073709551615' cannot be converted to a 'int' (use 'unchecked' syntax to override) [C:\projects\ci-targets\tests\spec\csharp\kaitai_struct_csharp_tests\kaitai_struct_csharp_tests.csproj]
  C:\projects\ci-targets\tests\compiled\csharp\YamlInts.cs(74,30): error CS0221: Constant value '18446744073709551615' cannot be converted to a 'int' (use 'unchecked' syntax to override) [C:\projects\ci-targets\tests\spec\csharp\kaitai_struct_csharp_tests\kaitai_struct_csharp_tests.csproj]
  C:\projects\ci-targets\tests\compiled\csharp\ExprBytesOps.cs(45,40): error CS0019: Operator '-' cannot be applied to operands of type 'method group' and 'int' [C:\projects\ci-targets\tests\spec\csharp\kaitai_struct_csharp_tests\kaitai_struct_csharp_tests.csproj]
  C:\projects\ci-targets\tests\compiled\csharp\ExprBytesOps.cs(149,28): error CS0030: Cannot convert type 'method' to 'int' [C:\projects\ci-targets\tests\spec\csharp\kaitai_struct_csharp_tests\kaitai_struct_csharp_tests.csproj]
  C:\projects\ci-targets\tests\compiled\csharp\ExprBytesOps.cs(162,40): error CS0019: Operator '-' cannot be applied to operands of type 'method group' and 'int' [C:\projects\ci-targets\tests\spec\csharp\kaitai_struct_csharp_tests\kaitai_struct_csharp_tests.csproj]
  C:\projects\ci-targets\tests\compiled\csharp\ExprBytesOps.cs(175,28): error CS0030: Cannot convert type 'method' to 'int' [C:\projects\ci-targets\tests\spec\csharp\kaitai_struct_csharp_tests\kaitai_struct_csharp_tests.csproj]
    4 Warning(s)
    14 Error(s)
Time Elapsed 00:00:03.96
